::1 - - [12/Jul/2025 19:36:56] "GET /test-website/ HTTP/1.1" 200 -
::1 - - [12/Jul/2025 19:36:56] "GET /apps/chat-widget/dist/website-chat-widget.css HTTP/1.1" 200 -
::1 - - [12/Jul/2025 19:36:56] "GET /apps/chat-widget/dist/website-chat-widget.iife.js HTTP/1.1" 200 -
::1 - - [12/Jul/2025 19:36:56] code 404, message File not found
::1 - - [12/Jul/2025 19:36:56] "GET /favicon.ico HTTP/1.1" 404 -
::1 - - [12/Jul/2025 19:37:04] code 404, message File not found
::1 - - [12/Jul/2025 19:37:04] "GET /.well-known/appspecific/com.chrome.devtools.json HTTP/1.1" 404 -
::1 - - [12/Jul/2025 19:40:52] "GET /test-website/ HTTP/1.1" 304 -
::1 - - [12/Jul/2025 19:40:57] code 404, message File not found
::1 - - [12/Jul/2025 19:40:57] "GET /.well-known/appspecific/com.chrome.devtools.json HTTP/1.1" 404 -
::1 - - [12/Jul/2025 19:48:56] "GET /test-website/ HTTP/1.1" 304 -
::1 - - [12/Jul/2025 19:48:56] "GET /apps/chat-widget/dist/website-chat-widget.css HTTP/1.1" 304 -
::1 - - [12/Jul/2025 19:48:56] "GET /apps/chat-widget/dist/website-chat-widget.iife.js HTTP/1.1" 304 -
::1 - - [12/Jul/2025 19:50:01] code 404, message File not found
::1 - - [12/Jul/2025 19:50:01] "GET /.well-known/appspecific/com.chrome.devtools.json HTTP/1.1" 404 -
::1 - - [12/Jul/2025 19:50:04] "GET /test-website/ HTTP/1.1" 304 -
::1 - - [12/Jul/2025 19:50:04] code 404, message File not found
::1 - - [12/Jul/2025 19:50:04] "GET /.well-known/appspecific/com.chrome.devtools.json HTTP/1.1" 404 -
::1 - - [12/Jul/2025 19:50:12] "GET /test-website/ HTTP/1.1" 304 -
::1 - - [12/Jul/2025 19:50:12] code 404, message File not found
::1 - - [12/Jul/2025 19:50:12] "GET /.well-known/appspecific/com.chrome.devtools.json HTTP/1.1" 404 -
::1 - - [12/Jul/2025 19:57:09] "GET /test-website/ HTTP/1.1" 304 -
::1 - - [12/Jul/2025 19:57:09] "GET /apps/chat-widget/dist/website-chat-widget.iife.js HTTP/1.1" 304 -
::1 - - [12/Jul/2025 19:57:09] "GET /apps/chat-widget/dist/website-chat-widget.css HTTP/1.1" 304 -
::1 - - [12/Jul/2025 19:57:09] code 404, message File not found
::1 - - [12/Jul/2025 19:57:09] "GET /.well-known/appspecific/com.chrome.devtools.json HTTP/1.1" 404 -
::1 - - [12/Jul/2025 20:01:41] "GET /test-website/ HTTP/1.1" 304 -
::1 - - [12/Jul/2025 20:01:41] code 404, message File not found
::1 - - [12/Jul/2025 20:01:41] "GET /.well-known/appspecific/com.chrome.devtools.json HTTP/1.1" 404 -
::1 - - [12/Jul/2025 20:01:41] code 404, message File not found
::1 - - [12/Jul/2025 20:01:41] "GET /favicon.ico HTTP/1.1" 404 -
::1 - - [12/Jul/2025 20:21:36] "GET /test-website/ HTTP/1.1" 304 -
::1 - - [12/Jul/2025 20:21:36] "GET /apps/chat-widget/dist/website-chat-widget.css HTTP/1.1" 304 -
::1 - - [12/Jul/2025 20:21:36] "GET /apps/chat-widget/dist/website-chat-widget.iife.js HTTP/1.1" 304 -
::1 - - [12/Jul/2025 20:22:41] code 404, message File not found
::1 - - [12/Jul/2025 20:22:41] "GET /.well-known/appspecific/com.chrome.devtools.json HTTP/1.1" 404 -
::1 - - [12/Jul/2025 20:22:57] "GET /test-website/ HTTP/1.1" 304 -
::1 - - [12/Jul/2025 20:22:57] code 404, message File not found
::1 - - [12/Jul/2025 20:22:57] "GET /.well-known/appspecific/com.chrome.devtools.json HTTP/1.1" 404 -
::1 - - [12/Jul/2025 20:48:42] "GET /test-website/ HTTP/1.1" 304 -
::1 - - [12/Jul/2025 20:48:42] "GET /apps/chat-widget/dist/website-chat-widget.iife.js HTTP/1.1" 304 -
::1 - - [12/Jul/2025 20:48:42] "GET /apps/chat-widget/dist/website-chat-widget.css HTTP/1.1" 304 -
::1 - - [12/Jul/2025 20:48:42] code 404, message File not found
::1 - - [12/Jul/2025 20:48:42] "GET /.well-known/appspecific/com.chrome.devtools.json HTTP/1.1" 404 -
::1 - - [12/Jul/2025 20:57:56] "GET /test-website/ HTTP/1.1" 304 -
::1 - - [12/Jul/2025 20:57:56] code 404, message File not found
::1 - - [12/Jul/2025 20:57:56] "GET /.well-known/appspecific/com.chrome.devtools.json HTTP/1.1" 404 -
::1 - - [12/Jul/2025 21:01:01] "GET /test-website/ HTTP/1.1" 304 -
::1 - - [12/Jul/2025 21:11:00] "GET /test-website/ HTTP/1.1" 304 -
::1 - - [12/Jul/2025 21:11:00] "GET /apps/chat-widget/dist/website-chat-widget.css HTTP/1.1" 304 -
::1 - - [12/Jul/2025 21:11:00] "GET /apps/chat-widget/dist/website-chat-widget.iife.js HTTP/1.1" 304 -
::1 - - [12/Jul/2025 21:11:46] "GET /test-website/ HTTP/1.1" 304 -
::1 - - [12/Jul/2025 21:19:38] "GET /test-website/ HTTP/1.1" 304 -
::1 - - [12/Jul/2025 21:20:14] "GET /test-website/ HTTP/1.1" 304 -
::1 - - [12/Jul/2025 21:21:28] "GET /test-website/ HTTP/1.1" 200 -
